{
  "dataset":"books_pb",
  "table":"bookings",
  "row":{
          "uniqid": 0,
          "name":"Diego Moreno",
          "email":"diamorenoba@unal.edu.co",
          "serviceid":2571,
          "service":"Disfruta de la aventura y adrenalina rodeada de naturaleza y tranquilidad.   ",
          "phone":"3132828554",
          "companyid":2219,
          "company":"Parapente Paraiso",
          "datet":"2023-05-28T02:08:59",
          "version":4,
          "price":"690000",
          "ocategoryid":119, 
          "ocategory":"Agencia de Viajes/PST",
          "ccategoryid":119,
          "ccategory":"Agencia de Viajes/PST",
          "guests":"3",
          "bookid":"pb8ypcv4"
          }
},{
  "dataset":"books_pb",
  "table":"bookings",
  "row":{
          "uniqid": 0,
          "name":"Ricardo Murcia Roncancio",
          "email":"ricardomurcia99@gmail.com",
          "serviceid":2570,
          "service":"Regala a mamá un tour nocturno de Fantasmas",
          "phone":"3113085061",
          "companyid":2141,
          "company":"Adventure Extreme AE Colombia SAS",
          "datet":"2023-05-28T02:14:06",
          "version":4,
          "price":"46000",
          "ocategoryid":121, 
          "ocategory":"Atractivo Turístico",
          "ccategoryid":119,
          "ccategory":"Agencia de Viajes/PST",
          "guests":"1",
          "bookid":"pboyavt9"
          }
},