{
  "dataset":"books_pb",
  "table":"bookings",
  "row":{
          "uniqid": 0,
          "name":"Diego Buendía",
          "email":"dianbuga@hotmail.com",
          "serviceid":2396,
          "service":"Alójate y Descubre la Ciudad",
          "phone":"3103199828",
          "companyid":2200,
          "company":"Hotel InterBogotá",
          "datet":"2023-05-03T04:57:00",
          "version":4,
          "price":"120000",
          "ocategoryid":120, 
          "ocategory":"Alojamiento",
          "ccategoryid":120,
          "ccategory":"Alojamiento",
          "guests":"1",
          "bookid":"pbh29cj3"
          }
},