{
  "dataset":"books_pb",
  "table":"bookings",
  "row":{
          "uniqid": 0,
          "name":"ANA MARIA SOLORZANO",
          "email":"amsolorzano92@gmail.com",
          "serviceid":2579,
          "service":"Atrevete a volar en parapente .. Disfruta de la mejor vista en Villavicencio ",
          "phone":"3007872363",
          "companyid":2578,
          "company":"COLOMBIA TRAVEL TOURS",
          "datet":"2023-05-17T12:55:49",
          "version":4,
          "price":"908000",
          "ocategoryid":119, 
          "ocategory":"Agencia de Viajes/PST",
          "ccategoryid":119,
          "ccategory":"Agencia de Viajes/PST",
          "guests":"1",
          "bookid":"pbmb4e6t"
          }
},{
  "dataset":"books_pb",
  "table":"bookings",
  "row":{
          "uniqid": 0,
          "name":"johanna roballo",
          "email":"johannaroballo@flotalamacarena.com",
          "serviceid":2579,
          "service":"Atrevete a volar en parapente .. Disfruta de la mejor vista en Villavicencio ",
          "phone":"3145472781",
          "companyid":2578,
          "company":"COLOMBIA TRAVEL TOURS",
          "datet":"2023-05-17T01:02:23",
          "version":4,
          "price":"908000",
          "ocategoryid":119, 
          "ocategory":"Agencia de Viajes/PST",
          "ccategoryid":119,
          "ccategory":"Agencia de Viajes/PST",
          "guests":"1",
          "bookid":"pbzr6rcl"
          }
},