{
  "dataset":"books_pb",
  "table":"bookings",
  "row":{
          "uniqid": 0,
          "name":"Sol Edwin Berrios ",
          "email":"soledwin1055@gmail.com",
          "serviceid":2410,
          "service":"De Amores Malditos - Tour Fantasmas",
          "phone":"7873984374",
          "companyid":2141,
          "company":"Adventure Extreme AE Colombia SAS",
          "datet":"2023-03-01T03:46:33",
          "version":4,
          "price":"40000",
          "ocategoryid":119, 
          "ocategory":"Agencia de Viajes/PST",
          "ccategoryid":119,
          "ccategory":"Agencia de Viajes/PST",
          "guests":"2",
          "bookid":"pbm76s38"
          }
},