{
  "dataset":"books_pb",
  "table":"bookings",
  "row":{
          "uniqid": 0,
          "name":"pepa pig",
          "email":"pepapig@gmail.com",
          "serviceid":2409,
          "service":"Tour Fantasma",
          "phone":"3145743201",
          "companyid":2232,
          "company":"TEGUA TRAVEL S.A.S ",
          "datet":"2023-05-31T07:39:08",
          "version":4,
          "price":"36000",
          "ocategoryid":119, 
          "ocategory":"Agencia de Viajes/PST",
          "ccategoryid":119,
          "ccategory":"Agencia de Viajes/PST",
          "guests":"1",
          "bookid":"pbsco938"
          }
},{
  "dataset":"books_pb",
  "table":"bookings",
  "row":{
          "uniqid": 0,
          "name":"Carlos López",
          "email":"carlos_lopez1990@hotmail.com",
          "serviceid":2428,
          "service":"Camina y Vive Bogotá",
          "phone":"600702048",
          "companyid":2234,
          "company":"Territorio Colombia Viajes y Turismo",
          "datet":"2023-05-31T09:20:08",
          "version":4,
          "price":"122000",
          "ocategoryid":119, 
          "ocategory":"Agencia de Viajes/PST",
          "ccategoryid":119,
          "ccategory":"Agencia de Viajes/PST",
          "guests":"1",
          "bookid":"pbz65lk1"
          }
},