{
  "dataset":"books_pb",
  "table":"bookings",
  "row":{
          "uniqid": 0,
          "name":"Linda Sofía Zuluaga Laguna",
          "email":"lsofiazuluagal@gmail.com",
          "serviceid":2450,
          "service":"Experiencia en las alturas",
          "phone":"3123911175",
          "companyid":2219,
          "company":"Parapente Paraiso",
          "datet":"2023-02-24T01:05:37",
          "version":4,
          "price":"210000",
          "ocategoryid":119, 
          "ocategory":"Agencia de Viajes/PST",
          "ccategoryid":119,
          "ccategory":"Agencia de Viajes/PST",
          "guests":"1",
          "bookid":"pbjn18hz"
          }
},{
  "dataset":"books_pb",
  "table":"bookings",
  "row":{
          "uniqid": 0,
          "name":"Wendy Nathalia Velandia Cruz",
          "email":"wendhiin@gmail.com",
          "serviceid":2278,
          "service":"Plan senderismo en Cundinamarca",
          "phone":"3208328460",
          "companyid":2176,
          "company":"ECOGLOBAL EXPEDITIONS",
          "datet":"2023-02-24T07:04:56",
          "version":4,
          "price":"37500",
          "ocategoryid":124, 
          "ocategory":"Entretenimiento",
          "ccategoryid":119,
          "ccategory":"Agencia de Viajes/PST",
          "guests":"2",
          "bookid":"pb9suouu"
          }
},