{
  "dataset":"books_pb",
  "table":"bookings",
  "row":{
          "uniqid": 0,
          "name":"Laura",
          "email":"laurasanchezamezquita@gmail.com",
          "serviceid":2516,
          "service":"SEMANA SANTA DE IGLESIAS",
          "phone":"3235792522",
          "companyid":2217,
          "company":"Oaca Colombia",
          "datet":"2023-04-30T01:31:39",
          "version":4,
          "price":"32000",
          "ocategoryid":121, 
          "ocategory":"Atractivo Turístico",
          "ccategoryid":119,
          "ccategory":"Agencia de Viajes/PST",
          "guests":"1",
          "bookid":"pbb7dms5"
          }
},