{
  "dataset":"books_pb",
  "table":"bookings",
  "row":{
          "uniqid": 0,
          "name":"Edicson  Mayorga carrascal",
          "email":"mayorgacarrascaledicson@gmail.com",
          "serviceid":2409,
          "service":"Tour Fantasma",
          "phone":"3134640252",
          "companyid":2232,
          "company":"TEGUA TRAVEL S.A.S ",
          "datet":"2023-03-06T01:08:48",
          "version":4,
          "price":"36000",
          "ocategoryid":119, 
          "ocategory":"Agencia de Viajes/PST",
          "ccategoryid":119,
          "ccategory":"Agencia de Viajes/PST",
          "guests":"1",
          "bookid":"pb044a9j"
          }
},