{
  "dataset":"books_pb",
  "table":"bookings",
  "row":{
          "uniqid": 0,
          "name":"Yadira Segura ",
          "email":"yadirasegura@gmail.com",
          "serviceid":2432,
          "service":"Descubre el mundo de las orquídeas",
          "phone":"3215064391",
          "companyid":2184,
          "company":"Forest of Orchids",
          "datet":"2023-05-01T02:10:58",
          "version":4,
          "price":"20000",
          "ocategoryid":119, 
          "ocategory":"Agencia de Viajes/PST",
          "ccategoryid":119,
          "ccategory":"Agencia de Viajes/PST",
          "guests":"1",
          "bookid":"pbwurjs2"
          }
},