{
  "dataset":"books_pb",
  "table":"bookings",
  "row":{
          "uniqid": 0,
          "name":"Juliana Santander",
          "email":"Juli_1234@hotmail.com",
          "serviceid":2276,
          "service":"Descanso y Relajación",
          "phone":"3002345678",
          "companyid":2251,
          "company":"Desal, Armonía y Bienestar",
          "datet":"2023-03-23T06:13:28",
          "version":4,
          "price":"307600",
          "ocategoryid":134, 
          "ocategory":"Bienestar",
          "ccategoryid":124,
          "ccategory":"Entretenimiento",
          "guests":"1",
          "bookid":"pbttb49t"
          }
},{
  "dataset":"books_pb",
  "table":"bookings",
  "row":{
          "uniqid": 0,
          "name":"Diana Rodriguez",
          "email":"dianarod04@hotmail.com",
          "serviceid":2271,
          "service":"Bono Aventura en Suesca",
          "phone":"3202277848",
          "companyid":2161,
          "company":"CLUB TRANGO AVENTURA",
          "datet":"2023-03-23T11:59:14",
          "version":4,
          "price":"279990",
          "ocategoryid":124, 
          "ocategory":"Entretenimiento",
          "ccategoryid":119,
          "ccategory":"Agencia de Viajes/PST",
          "guests":"2",
          "bookid":"pb8p0xw5"
          }
},