{
  "dataset":"books_pb",
  "table":"bookings",
  "row":{
          "uniqid": 0,
          "name":"Andrea Diaz",
          "email":"AndreaDiaz78@gmail.com",
          "serviceid":2396,
          "service":"Alójate y Descubre la Ciudad",
          "phone":"3213109387",
          "companyid":2200,
          "company":"Hotel InterBogotá",
          "datet":"2023-05-04T02:00:26",
          "version":4,
          "price":"120000",
          "ocategoryid":120, 
          "ocategory":"Alojamiento",
          "ccategoryid":120,
          "ccategory":"Alojamiento",
          "guests":"1",
          "bookid":"pbuknm5c"
          }
},{
  "dataset":"books_pb",
  "table":"bookings",
  "row":{
          "uniqid": 0,
          "name":"Andrea Diaz",
          "email":"AndreaDiaz78@gmail.com",
          "serviceid":2412,
          "service":"Vive una Experiencia Inolvidable",
          "phone":"3213109387",
          "companyid":2200,
          "company":"Hotel InterBogotá",
          "datet":"2023-05-04T04:28:06",
          "version":4,
          "price":"160000",
          "ocategoryid":120, 
          "ocategory":"Alojamiento",
          "ccategoryid":120,
          "ccategory":"Alojamiento",
          "guests":"1",
          "bookid":"pbebijwm"
          }
},{
  "dataset":"books_pb",
  "table":"bookings",
  "row":{
          "uniqid": 0,
          "name":"Maria Hincapie",
          "email":"marialuisahincapie@gmail.com",
          "serviceid":2432,
          "service":"Descubre el mundo de las orquídeas",
          "phone":"3112141489",
          "companyid":2184,
          "company":"Forest of Orchids",
          "datet":"2023-05-04T09:46:01",
          "version":4,
          "price":"20000",
          "ocategoryid":119, 
          "ocategory":"Agencia de Viajes/PST",
          "ccategoryid":119,
          "ccategory":"Agencia de Viajes/PST",
          "guests":"1",
          "bookid":"pb4tmhcf"
          }
},