{
  "dataset":"books_pb",
  "table":"bookings",
  "row":{
          "uniqid": 0,
          "name":"JAVIER MELO SABOYA",
          "email":"javier1melo@gmail.com",
          "serviceid":2447,
          "service":"Experiencia Jet Ski",
          "phone":"3194043056",
          "companyid":2182,
          "company":"EXPERIENCIAS GUATAVITA SAS",
          "datet":"2023-04-28T08:11:35",
          "version":4,
          "price":"176000",
          "ocategoryid":119, 
          "ocategory":"Agencia de Viajes/PST",
          "ccategoryid":119,
          "ccategory":"Agencia de Viajes/PST",
          "guests":"1",
          "bookid":"pbo4jke9"
          }
},