{
  "dataset":"books_pb",
  "table":"bookings",
  "row":{
          "uniqid": 0,
          "name":"Cristian Dueñas ",
          "email":"crisdaduhe@hotmail.com",
          "serviceid":2410,
          "service":"De Amores Malditos - Tour Fantasmas",
          "phone":"3105534540",
          "companyid":2141,
          "company":"Adventure Extreme AE Colombia SAS",
          "datet":"2023-03-08T02:12:43",
          "version":4,
          "price":"40000",
          "ocategoryid":119, 
          "ocategory":"Agencia de Viajes/PST",
          "ccategoryid":119,
          "ccategory":"Agencia de Viajes/PST",
          "guests":"1",
          "bookid":"pburz1ty"
          }
},{
  "dataset":"books_pb",
  "table":"bookings",
  "row":{
          "uniqid": 0,
          "name":"Angie Rodriguez ",
          "email":"crisdaduhe@hotmail.com",
          "serviceid":2410,
          "service":"De Amores Malditos - Tour Fantasmas",
          "phone":"3105534540",
          "companyid":2141,
          "company":"Adventure Extreme AE Colombia SAS",
          "datet":"2023-03-08T02:13:41",
          "version":4,
          "price":"40000",
          "ocategoryid":119, 
          "ocategory":"Agencia de Viajes/PST",
          "ccategoryid":119,
          "ccategory":"Agencia de Viajes/PST",
          "guests":"1",
          "bookid":"pbr05c54"
          }
},