{
  "dataset":"books_pb",
  "table":"bookings",
  "row":{
          "uniqid": 0,
          "name":"Francy Valeria Morales Peñuela",
          "email":"asdfpeacemaker@gmail.com",
          "serviceid":2400,
          "service":"Camino de los Tivas",
          "phone":"3502313556",
          "companyid":2160,
          "company":"Chisua Travel -ecohuellas ancestrales-",
          "datet":"2023-05-26T05:01:36",
          "version":4,
          "price":"48000",
          "ocategoryid":119, 
          "ocategory":"Agencia de Viajes/PST",
          "ccategoryid":119,
          "ccategory":"Agencia de Viajes/PST",
          "guests":"1",
          "bookid":"pb25dcav"
          }
},{
  "dataset":"books_pb",
  "table":"bookings",
  "row":{
          "uniqid": 0,
          "name":"Angela consuelo Riaño ",
          "email":"angelaconsuelora@hotmail.com",
          "serviceid":2396,
          "service":"Alójate y Descubre la Ciudad",
          "phone":"3105799514",
          "companyid":2200,
          "company":"Hotel InterBogotá",
          "datet":"2023-05-26T05:21:04",
          "version":4,
          "price":"120000",
          "ocategoryid":120, 
          "ocategory":"Alojamiento",
          "ccategoryid":120,
          "ccategory":"Alojamiento",
          "guests":"1",
          "bookid":"pb4qqk9g"
          }
},{
  "dataset":"books_pb",
  "table":"bookings",
  "row":{
          "uniqid": 0,
          "name":"julian tobo",
          "email":"jtoboesp@hotmail.com",
          "serviceid":2411,
          "service":"Plan Napolitano Hilton Bogotá Corferias",
          "phone":"+573214573099",
          "companyid":2190,
          "company":"Hilton Bogota Corferias",
          "datet":"2023-05-26T06:23:12",
          "version":4,
          "price":"100000",
          "ocategoryid":120, 
          "ocategory":"Alojamiento",
          "ccategoryid":120,
          "ccategory":"Alojamiento",
          "guests":"1",
          "bookid":"pb33nznp"
          }
},{
  "dataset":"books_pb",
  "table":"bookings",
  "row":{
          "uniqid": 0,
          "name":"Diana Rubin",
          "email":"diana.alex.rubin@gmail.com",
          "serviceid":2570,
          "service":"Regala a mamá un tour nocturno de Fantasmas",
          "phone":"3017874367",
          "companyid":2141,
          "company":"Adventure Extreme AE Colombia SAS",
          "datet":"2023-05-26T09:27:25",
          "version":4,
          "price":"92000",
          "ocategoryid":121, 
          "ocategory":"Atractivo Turístico",
          "ccategoryid":119,
          "ccategory":"Agencia de Viajes/PST",
          "guests":"2",
          "bookid":"pbohpsd2"
          }
},