{
  "dataset":"books_pb",
  "table":"bookings",
  "row":{
          "uniqid": 0,
          "name":"Jenny",
          "email":"Jen23d@gmail.com",
          "serviceid":2410,
          "service":"De Amores Malditos - Tour Fantasmas",
          "phone":"3028360884",
          "companyid":2141,
          "company":"Adventure Extreme AE Colombia SAS",
          "datet":"2023-04-19T02:49:08",
          "version":4,
          "price":"40000",
          "ocategoryid":119, 
          "ocategory":"Agencia de Viajes/PST",
          "ccategoryid":119,
          "ccategory":"Agencia de Viajes/PST",
          "guests":"1",
          "bookid":"pbuyvk4i"
          }
},