{
  "dataset":"books_pb",
  "table":"bookings",
  "row":{
          "uniqid": 0,
          "name":"Nestor Goyes",
          "email":"nestorgoyes@gmail.com",
          "serviceid":2396,
          "service":"Alójate y Descubre la Ciudad",
          "phone":"3192274281",
          "companyid":2200,
          "company":"Hotel InterBogotá",
          "datet":"2023-03-21T08:21:46",
          "version":4,
          "price":"120000",
          "ocategoryid":120, 
          "ocategory":"Alojamiento",
          "ccategoryid":120,
          "ccategory":"Alojamiento",
          "guests":"1",
          "bookid":"pbuwgqsd"
          }
},{
  "dataset":"books_pb",
  "table":"bookings",
  "row":{
          "uniqid": 0,
          "name":"Nestor Goyes",
          "email":"nestorgoyes@gmail.com",
          "serviceid":2396,
          "service":"Alójate y Descubre la Ciudad",
          "phone":"3192274281",
          "companyid":2200,
          "company":"Hotel InterBogotá",
          "datet":"2023-03-21T08:22:12",
          "version":4,
          "price":"120000",
          "ocategoryid":120, 
          "ocategory":"Alojamiento",
          "ccategoryid":120,
          "ccategory":"Alojamiento",
          "guests":"1",
          "bookid":"pbm0fmjb"
          }
},{
  "dataset":"books_pb",
  "table":"bookings",
  "row":{
          "uniqid": 0,
          "name":"Julian Delgado",
          "email":"dreinovcorp@gmail.com",
          "serviceid":2263,
          "service":"Just be Romantic",
          "phone":"3203712824",
          "companyid":2146,
          "company":"Aloft Bogotá Hotel",
          "datet":"2023-03-21T09:22:26",
          "version":4,
          "price":"600000",
          "ocategoryid":120, 
          "ocategory":"Alojamiento",
          "ccategoryid":120,
          "ccategory":"Alojamiento",
          "guests":"2",
          "bookid":"pbyh1da2"
          }
},