{
  "dataset":"books_pb",
  "table":"bookings",
  "row":{
          "uniqid": 0,
          "name":"STEWAR STEVENS VANEGAS ARIAS",
          "email":"stewar0154@hotmail.com",
          "serviceid":2446,
          "service":"Paseo en lancha",
          "phone":"3219663258",
          "companyid":2182,
          "company":"EXPERIENCIAS GUATAVITA SAS",
          "datet":"2023-05-08T06:06:15",
          "version":4,
          "price":"120000",
          "ocategoryid":119, 
          "ocategory":"Agencia de Viajes/PST",
          "ccategoryid":119,
          "ccategory":"Agencia de Viajes/PST",
          "guests":"1",
          "bookid":"pblgjujz"
          }
},