{
  "dataset":"books_pb",
  "table":"bookings",
  "row":{
          "uniqid": 0,
          "name":"Benjamin De Gracia ",
          "email":"benjamindegracia@hotmail.com",
          "serviceid":2405,
          "service":"Tour a la Mina de Sal en Nemocón",
          "phone":"50766137602",
          "companyid":2236,
          "company":"Transfers & Tours",
          "datet":"2023-04-29T08:37:20",
          "version":4,
          "price":"125000",
          "ocategoryid":119, 
          "ocategory":"Agencia de Viajes/PST",
          "ccategoryid":119,
          "ccategory":"Agencia de Viajes/PST",
          "guests":"1",
          "bookid":"pb1jktz5"
          }
},