{
  "dataset":"books_pb",
  "table":"bookings",
  "row":{
          "uniqid": 0,
          "name":"Jorge Vega ",
          "email":"alberticovega@gmail.com",
          "serviceid":2516,
          "service":"SEMANA SANTA DE IGLESIAS",
          "phone":"3132672910",
          "companyid":2217,
          "company":"Oaca Colombia",
          "datet":"2023-04-05T01:46:54",
          "version":4,
          "price":"96000",
          "ocategoryid":121, 
          "ocategory":"Atractivo Turístico",
          "ccategoryid":119,
          "ccategory":"Agencia de Viajes/PST",
          "guests":"3",
          "bookid":"pbb2h10r"
          }
},