{
  "dataset":"books_pb",
  "table":"bookings",
  "row":{
          "uniqid": 0,
          "name":"Julian",
          "email":"dreinovcorp@gmail.com",
          "serviceid":2429,
          "service":"A volar",
          "phone":"3203712824",
          "companyid":2237,
          "company":"Trip Offers",
          "datet":"2023-02-23T12:47:01",
          "version":3,
          "price":"879000",
          "ocategoryid":119, 
          "ocategory":"Agencia de Viajes/PST",
          "ccategoryid":119,
          "ccategory":"Agencia de Viajes/PST",
          "guests":"1",
          "bookid":"pb63f6b7",
          }
},{
  "dataset":"books_pb",
  "table":"bookings",
  "row":{
          "uniqid": 0,
          "name":"Julian Delgado",
          "email":"dreinovcorp@gmail.com",
          "serviceid":2400,
          "service":"Camino de los Tivas",
          "phone":"3203712824",
          "companyid":2160,
          "company":"Chisua Travel "ecohuellas ancestrales"",
          "datet":"2023-02-23T12:47:20",
          "version":3,
          "price":"48000",
          "ocategoryid":119, 
          "ocategory":"Agencia de Viajes/PST",
          "ccategoryid":119,
          "ccategory":"Agencia de Viajes/PST",
          "guests":"1",
          "bookid":"pb63f6b7",
          }
},{
  "dataset":"books_pb",
  "table":"bookings",
  "row":{
          "uniqid": 0,
          "name":"Test ITem IDT",
          "email":"nestorgoyes@gmail.com",
          "serviceid":2277,
          "service":"Experiencia colonial: La Candelaria",
          "phone":"12313123",
          "companyid":2262,
          "company":"DESCANSAR TRANSPORTE Y TURISMO EN BOGOTA SAS",
          "datet":"2023-02-23T12:55:58",
          "version":3,
          "price":"216000",
          "ocategoryid":124, 
          "ocategory":"Entretenimiento",
          "ccategoryid":123,
          "ccategory":"Servicios",
          "guests":"1",
          "bookid":"pb63f6b9",
          }
},{
  "dataset":"books_pb",
  "table":"bookings",
  "row":{
          "uniqid": 0,
          "name":"Julian",
          "email":"dreinovcorp@gmail.com",
          "serviceid":2400,
          "service":"Camino de los Tivas",
          "phone":"3203712824",
          "companyid":2160,
          "company":"Chisua Travel "ecohuellas ancestrales"",
          "datet":"2023-02-23T12:55:59",
          "version":3,
          "price":"48000",
          "ocategoryid":119, 
          "ocategory":"Agencia de Viajes/PST",
          "ccategoryid":119,
          "ccategory":"Agencia de Viajes/PST",
          "guests":"1",
          "bookid":"pb63f6b9",
          }
},{
  "dataset":"books_pb",
  "table":"bookings",
  "row":{
          "uniqid": 0,
          "name":"Julian",
          "email":"dreinovcorp@gmail.com",
          "serviceid":2400,
          "service":"Camino de los Tivas",
          "phone":"3203712824",
          "companyid":2160,
          "company":"Chisua Travel "ecohuellas ancestrales"",
          "datet":"2023-02-23T12:57:12",
          "version":3,
          "price":"48000",
          "ocategoryid":119, 
          "ocategory":"Agencia de Viajes/PST",
          "ccategoryid":119,
          "ccategory":"Agencia de Viajes/PST",
          "guests":"1",
          "bookid":"pb63f6b9",
          }
},{
  "dataset":"books_pb",
  "table":"bookings",
  "row":{
          "uniqid": 0,
          "name":"Julian",
          "email":"dreinovcorp@gmail.com",
          "serviceid":2400,
          "service":"Camino de los Tivas",
          "phone":"3203712824",
          "companyid":2160,
          "company":"Chisua Travel "ecohuellas ancestrales"",
          "datet":"2023-02-23T12:59:01",
          "version":3,
          "price":"48000",
          "ocategoryid":119, 
          "ocategory":"Agencia de Viajes/PST",
          "ccategoryid":119,
          "ccategory":"Agencia de Viajes/PST",
          "guests":"1",
          "bookid":"pb63f6ba"
          }
},{
  "dataset":"books_pb",
  "table":"bookings",
  "row":{
          "uniqid": 0,
          "name":"Test de rutina IDT",
          "email":"nestorgoyes@gmail.com",
          "serviceid":2277,
          "service":"Experiencia colonial: La Candelaria",
          "phone":"3192274281",
          "companyid":2262,
          "company":"DESCANSAR TRANSPORTE Y TURISMO EN BOGOTA SAS",
          "datet":"2023-02-23T12:59:10",
          "version":3,
          "price":"216000",
          "ocategoryid":124, 
          "ocategory":"Entretenimiento",
          "ccategoryid":123,
          "ccategory":"Servicios",
          "guests":"1",
          "bookid":"pb63f6ba"
          }
<<<<<<< HEAD
=======
},{
  "dataset":"books_pb",
  "table":"bookings",
  "row":{
          "uniqid": 0,
          "name":"PRUEBA IDT",
          "email":"nestorgoyes@gmail.com",
          "serviceid":2273,
          "service":"Bogotá en Scooter",
          "phone":"123123213123",
          "companyid":2164,
          "company":"Colombia My trip",
          "datet":"2023-02-23T01:04:52",
          "version":3,
          "price":"156000",
          "ocategoryid":124, 
          "ocategory":"Entretenimiento",
          "ccategoryid":119,
          "ccategory":"Agencia de Viajes/PST",
          "guests":"3",
          "bookid":"pb63f6bb"
          }
},{
  "dataset":"books_pb",
  "table":"bookings",
  "row":{
          "uniqid": 0,
          "name":"aTest de rutina IDT",
          "email":"nestorgoyes@gmail.com",
          "serviceid":2273,
          "service":"Bogotá en Scooter",
          "phone":"3192274281",
          "companyid":2164,
          "company":"Colombia My trip",
          "datet":"2023-02-23T01:06:27",
          "version":3,
          "price":"156000",
          "ocategoryid":124, 
          "ocategory":"Entretenimiento",
          "ccategoryid":119,
          "ccategory":"Agencia de Viajes/PST",
          "guests":"1",
          "bookid":"pb63f6bc"
          }
},{
  "dataset":"books_pb",
  "table":"bookings",
  "row":{
          "uniqid": 0,
          "name":"bTest de rutina IDT",
          "email":"nestorgoyes@gmail.com",
          "serviceid":2273,
          "service":"Bogotá en Scooter",
          "phone":"12312312312",
          "companyid":2164,
          "company":"Colombia My trip",
          "datet":"2023-02-23T01:07:02",
          "version":3,
          "price":"156000",
          "ocategoryid":124, 
          "ocategory":"Entretenimiento",
          "ccategoryid":119,
          "ccategory":"Agencia de Viajes/PST",
          "guests":"1",
          "bookid":"pb63f6bc"
          }
},{
  "dataset":"books_pb",
  "table":"bookings",
  "row":{
          "uniqid": 0,
          "name":"Julian",
          "email":"dreinovcorp@gmail.com",
          "serviceid":2448,
          "service":"Desayunos Típicos Santafereños",
          "phone":"3203712824",
          "companyid":2159,
          "company":"Casa Galeria",
          "datet":"2023-02-23T01:08:31",
          "version":3,
          "price":"12000",
          "ocategoryid":119, 
          "ocategory":"Agencia de Viajes/PST",
          "ccategoryid":120,
          "ccategory":"Alojamiento",
          "guests":"1",
          "bookid":"pb63f6bc"
          }
},{
  "dataset":"books_pb",
  "table":"bookings",
  "row":{
          "uniqid": 0,
          "name":"Julian",
          "email":"dreinovcorp@gmail.com",
          "serviceid":2448,
          "service":"Desayunos Típicos Santafereños",
          "phone":"3203712824",
          "companyid":2159,
          "company":"Casa Galeria",
          "datet":"2023-02-23T01:08:44",
          "version":3,
          "price":"12000",
          "ocategoryid":119, 
          "ocategory":"Agencia de Viajes/PST",
          "ccategoryid":120,
          "ccategory":"Alojamiento",
          "guests":"1",
          "bookid":"pb63f6bc"
          }
},{
  "dataset":"books_pb",
  "table":"bookings",
  "row":{
          "uniqid": 0,
          "name":"Julian",
          "email":"dreinovcorp@gmail.com",
          "serviceid":2448,
          "service":"Desayunos Típicos Santafereños",
          "phone":"3203712824",
          "companyid":2159,
          "company":"Casa Galeria",
          "datet":"2023-02-23T01:09:10",
          "version":3,
          "price":"12000",
          "ocategoryid":119, 
          "ocategory":"Agencia de Viajes/PST",
          "ccategoryid":120,
          "ccategory":"Alojamiento",
          "guests":"1",
          "bookid":"pb63f6bc"
          }
},{
  "dataset":"books_pb",
  "table":"bookings",
  "row":{
          "uniqid": 0,
          "name":"Julian",
          "email":"dreinovcorp@gmail.com",
          "serviceid":2448,
          "service":"Desayunos Típicos Santafereños",
          "phone":"3203712824",
          "companyid":2159,
          "company":"Casa Galeria",
          "datet":"2023-02-23T01:10:02",
          "version":3,
          "price":"12000",
          "ocategoryid":119, 
          "ocategory":"Agencia de Viajes/PST",
          "ccategoryid":120,
          "ccategory":"Alojamiento",
          "guests":"1",
          "bookid":"pb63f6bcea8dd96"
          }
},{
  "dataset":"books_pb",
  "table":"bookings",
  "row":{
          "uniqid": 0,
          "name":"Julian",
          "email":"dreinovcorp@gmail.com",
          "serviceid":2448,
          "service":"Desayunos Típicos Santafereños",
          "phone":"3203712824",
          "companyid":2159,
          "company":"Casa Galeria",
          "datet":"2023-02-23T01:10:05",
          "version":3,
          "price":"12000",
          "ocategoryid":119, 
          "ocategory":"Agencia de Viajes/PST",
          "ccategoryid":120,
          "ccategory":"Alojamiento",
          "guests":"1",
          "bookid":"pb63f6bcede0d49"
          }
},{
  "dataset":"books_pb",
  "table":"bookings",
  "row":{
          "uniqid": 0,
          "name":"Julian",
          "email":"dreinovcorp@gmail.com",
          "serviceid":2448,
          "service":"Desayunos Típicos Santafereños",
          "phone":"3203712824",
          "companyid":2159,
          "company":"Casa Galeria",
          "datet":"2023-02-23T01:14:30",
          "version":3,
          "price":"12000",
          "ocategoryid":119, 
          "ocategory":"Agencia de Viajes/PST",
          "ccategoryid":120,
          "ccategory":"Alojamiento",
          "guests":"1",
          "bookid":"pb78gg2m"
          }
},{
  "dataset":"books_pb",
  "table":"bookings",
  "row":{
          "uniqid": 0,
          "name":"Julian",
          "email":"dreinovcorp@gmail.com",
          "serviceid":2448,
          "service":"Desayunos Típicos Santafereños",
          "phone":"3203712824",
          "companyid":2159,
          "company":"Casa Galeria",
          "datet":"2023-02-23T01:14:51",
          "version":3,
          "price":"12000",
          "ocategoryid":119, 
          "ocategory":"Agencia de Viajes/PST",
          "ccategoryid":120,
          "ccategory":"Alojamiento",
          "guests":"1",
          "bookid":"pbnay4lk"
          }
},{
  "dataset":"books_pb",
  "table":"bookings",
  "row":{
          "uniqid": 0,
          "name":"cTest de rutina IDT",
          "email":"nestorgoyes@gmail.com",
          "serviceid":2273,
          "service":"Bogotá en Scooter",
          "phone":"3192274281",
          "companyid":2164,
          "company":"Colombia My trip",
          "datet":"2023-02-23T01:15:25",
          "version":3,
          "price":"156000",
          "ocategoryid":124, 
          "ocategory":"Entretenimiento",
          "ccategoryid":119,
          "ccategory":"Agencia de Viajes/PST",
          "guests":"1",
          "bookid":"pbkng9um"
          }
},{
  "dataset":"books_pb",
  "table":"bookings",
  "row":{
          "uniqid": 0,
          "name":"Julian",
          "email":"dreinovcorp@gmail.com",
          "serviceid":2393,
          "service":"Descubre el Encanto de Bogotá",
          "phone":"3203712824",
          "companyid":2200,
          "company":"Hotel InterBogotá",
          "datet":"2023-02-23T01:15:45",
          "version":3,
          "price":"250000",
          "ocategoryid":120, 
          "ocategory":"Alojamiento",
          "ccategoryid":120,
          "ccategory":"Alojamiento",
          "guests":"3",
          "bookid":"pby9gbk2"
          }
},{
  "dataset":"books_pb",
  "table":"bookings",
  "row":{
          "uniqid": 0,
          "name":"Julian",
          "email":"dreinovcorp@gmail.com",
          "serviceid":2271,
          "service":"Bono Aventura en Suesca",
          "phone":"3203712824",
          "companyid":2161,
          "company":"CLUB TRANGO AVENTURA",
          "datet":"2023-02-23T01:24:05",
          "version":3,
          "price":"139995",
          "ocategoryid":124, 
          "ocategory":"Entretenimiento",
          "ccategoryid":119,
          "ccategory":"Agencia de Viajes/PST",
          "guests":"1",
          "bookid":"pb1mcaij"
          }
},{
  "dataset":"books_pb",
  "table":"bookings",
  "row":{
          "uniqid": 0,
          "name":"Test de IDT",
          "email":"nestor@oblicua.co",
          "serviceid":2273,
          "service":"Bogotá en Scooter",
          "phone":"1231231231",
          "companyid":2164,
          "company":"Colombia My trip",
          "datet":"2023-02-23T01:24:42",
          "version":3,
          "price":"156000",
          "ocategoryid":124, 
          "ocategory":"Entretenimiento",
          "ccategoryid":119,
          "ccategory":"Agencia de Viajes/PST",
          "guests":"1",
          "bookid":"pb615i0k"
          }
},{
  "dataset":"books_pb",
  "table":"bookings",
  "row":{
          "uniqid": 0,
          "name":"Test IDT",
          "email":"nestorgoyes@gmail.com",
          "serviceid":2273,
          "service":"Bogotá en Scooter",
          "phone":"131312",
          "companyid":2164,
          "company":"Colombia My trip",
          "datet":"2023-02-23T01:39:49",
          "version":3,
          "price":"156000",
          "ocategoryid":124, 
          "ocategory":"Entretenimiento",
          "ccategoryid":119,
          "ccategory":"Agencia de Viajes/PST",
          "guests":"1",
          "bookid":"pbbrgq8p"
          }
},{
  "dataset":"books_pb",
  "table":"bookings",
  "row":{
          "uniqid": 0,
          "name":"Test Mobile idt",
          "email":"nestorgoyes@gmail.com",
          "serviceid":2273,
          "service":"Bogotá en Scooter",
          "phone":"956556656",
          "companyid":2164,
          "company":"Colombia My trip",
          "datet":"2023-02-23T01:44:22",
          "version":3,
          "price":"156000",
          "ocategoryid":124, 
          "ocategory":"Entretenimiento",
          "ccategoryid":119,
          "ccategory":"Agencia de Viajes/PST",
          "guests":"3",
          "bookid":"pb7x9mdd"
          }
},{
  "dataset":"books_pb",
  "table":"bookings",
  "row":{
          "uniqid": 0,
          "name":"Mònica Echeverry ",
          "email":"monicaecheverry@gmail.com",
          "serviceid":2278,
          "service":"Plan senderismo en Cundinamarca",
          "phone":"3229722331",
          "companyid":2176,
          "company":"ECOGLOBAL EXPEDITIONS",
          "datet":"2023-02-23T06:25:36",
          "version":4,
          "price":"37500",
          "ocategoryid":124, 
          "ocategory":"Entretenimiento",
          "ccategoryid":119,
          "ccategory":"Agencia de Viajes/PST",
          "guests":"2",
          "bookid":"pbj29nfl"
          }
},{
  "dataset":"books_pb",
  "table":"bookings",
  "row":{
          "uniqid": 0,
          "name":"nestor goyes",
          "email":"nestorgoyes@gmail.com",
          "serviceid":2273,
          "service":"Bogotá en Scooter",
          "phone":"3192274281",
          "companyid":2164,
          "company":"Colombia My trip",
          "datet":"2023-02-23T09:49:24",
          "version":4,
          "price":"156000",
          "ocategoryid":124, 
          "ocategory":"Entretenimiento",
          "ccategoryid":119,
          "ccategory":"Agencia de Viajes/PST",
          "guests":"3",
          "bookid":"pb0xwurn"
          }
},{
  "dataset":"books_pb",
  "table":"bookings",
  "row":{
          "uniqid": 0,
          "name":"nestor goyes",
          "email":"nestorgoyes@gmail.com",
          "serviceid":2273,
          "service":"Bogotá en Scooter",
          "phone":"3192274281",
          "companyid":2164,
          "company":"Colombia My trip",
          "datet":"2023-02-23T10:00:09",
          "version":4,
          "price":"156000",
          "ocategoryid":124, 
          "ocategory":"Entretenimiento",
          "ccategoryid":119,
          "ccategory":"Agencia de Viajes/PST",
          "guests":"2",
          "bookid":"pbx64ekv"
          }
},{
  "dataset":"books_pb",
  "table":"bookings",
  "row":{
          "uniqid": 0,
          "name":"Isabel Alpala ",
          "email":"isa12cristina25@gmail.com",
          "serviceid":2278,
          "service":"Plan senderismo en Cundinamarca",
          "phone":"3202214627",
          "companyid":2176,
          "company":"ECOGLOBAL EXPEDITIONS",
          "datet":"2023-02-23T11:55:32",
          "version":4,
          "price":"37500",
          "ocategoryid":124, 
          "ocategory":"Entretenimiento",
          "ccategoryid":119,
          "ccategory":"Agencia de Viajes/PST",
          "guests":"2",
          "bookid":"pbu1x2lk"
          }
>>>>>>> c5fb8c3979e79a76a0b921d9ca0633922612211d
},