{
  "dataset":"books_pb",
  "table":"bookings",
  "row":{
          "uniqid": 0,
          "name":"LAURA FLOREZ",
          "email":"lauflorez02@gmail.com",
          "serviceid":2571,
          "service":"Disfruta de la aventura y adrenalina rodeada de naturaleza y tranquilidad.   ",
          "phone":"3242740678",
          "companyid":2219,
          "company":"Parapente Paraiso",
          "datet":"2023-05-27T02:23:13",
          "version":4,
          "price":"230000",
          "ocategoryid":119, 
          "ocategory":"Agencia de Viajes/PST",
          "ccategoryid":119,
          "ccategory":"Agencia de Viajes/PST",
          "guests":"1",
          "bookid":"pb0l101t"
          }
},