{
  "dataset":"books_pb",
  "table":"bookings",
  "row":{
          "uniqid": 0,
          "name":"sofia zarate",
          "email":"direccion.central@anato.org",
          "serviceid":2274,
          "service":"Visita Transmicable y descubre tu ciudad",
          "phone":"3202198287",
          "companyid":2165,
          "company":"Colombia Tours Experience",
          "datet":"2023-05-06T01:33:50",
          "version":4,
          "price":"150000",
          "ocategoryid":124, 
          "ocategory":"Entretenimiento",
          "ccategoryid":119,
          "ccategory":"Agencia de Viajes/PST",
          "guests":"1",
          "bookid":"pbefhfqw"
          }
},{
  "dataset":"books_pb",
  "table":"bookings",
  "row":{
          "uniqid": 0,
          "name":"jessica Duran",
          "email":"jaduranc@uqvirtual.edu.co",
          "serviceid":2571,
          "service":"Disfruta de la aventura y adrenalina rodeada de naturaleza y tranquilidad.   ",
          "phone":"3217198838",
          "companyid":2219,
          "company":"Parapente Paraiso",
          "datet":"2023-05-06T12:39:24",
          "version":4,
          "price":"23000",
          "ocategoryid":119, 
          "ocategory":"Agencia de Viajes/PST",
          "ccategoryid":119,
          "ccategory":"Agencia de Viajes/PST",
          "guests":"1",
          "bookid":"pb95ucku"
          }
},